[13:50:06:363] [INFO] - org.apache.juli.logging.DirectJDKLog.log(DirectJDKLog.java:173) - Initializing Spring DispatcherServlet 'dispatcherServlet'
[13:50:06:377] [INFO] - org.springframework.web.servlet.FrameworkServlet.initServletBean(FrameworkServlet.java:525) - Initializing Servlet 'dispatcherServlet'
[13:50:06:406] [INFO] - org.springframework.web.servlet.FrameworkServlet.initServletBean(FrameworkServlet.java:547) - Completed initialization in 29 ms
[13:50:36:677] [INFO] - com.heiyu.mall.filter.WebLogAspect.doBefore(WebLogAspect.java:41) - request url:http://127.0.0.1:8083/login
[13:50:36:677] [INFO] - com.heiyu.mall.filter.WebLogAspect.doBefore(WebLogAspect.java:42) - request method:POST
[13:50:36:677] [INFO] - com.heiyu.mall.filter.WebLogAspect.doBefore(WebLogAspect.java:43) - args : [mumuputong, 12345678, org.apache.catalina.session.StandardSessionFacade@53904d65]
[13:50:36:721] [INFO] - com.zaxxer.hikari.HikariDataSource.getConnection(HikariDataSource.java:110) - imooc_mall_datasource - Starting...
[13:50:36:834] [INFO] - com.zaxxer.hikari.HikariDataSource.getConnection(HikariDataSource.java:123) - imooc_mall_datasource - Start completed.
[13:50:36:913] [INFO] - com.heiyu.mall.filter.WebLogAspect.doAfterReturning(WebLogAspect.java:48) - return response : {"status":10000,"msg":"SUCCESS","data":{"id":14,"username":"mumuputong","password":null,"personalizedSignature":"","role":1,"createTime":1671096533000,"updateTime":1671096533000,"emailAddress":null}}
[13:51:59:026] [INFO] - com.heiyu.mall.filter.WebLogAspect.doBefore(WebLogAspect.java:41) - request url:http://127.0.0.1:8083/loginWithJwt
[13:51:59:026] [INFO] - com.heiyu.mall.filter.WebLogAspect.doBefore(WebLogAspect.java:42) - request method:GET
[13:51:59:026] [INFO] - com.heiyu.mall.filter.WebLogAspect.doBefore(WebLogAspect.java:43) - args : [yanzhengyonghu, 12345678]
[13:51:59:689] [INFO] - com.heiyu.mall.filter.WebLogAspect.doAfterReturning(WebLogAspect.java:48) - return response : {"status":10000,"msg":"SUCCESS","data":"eyJ0eXAiOiJKV1QiLCJhbGciOiJIUzI1NiJ9.eyJ1c2VyX3JvbGUiOjEsInVzZXJfaWQiOjE1LCJ1c2VyX25hbWUiOiJ5YW56aGVuZ3lvbmdodSIsImV4cCI6MTc1OTcyOTkxOX0.B5KMbSC37XyHyGCzQFovf18gBT8S93rOxllRHqY6sZ8"}
[13:59:50:861] [INFO] - org.springframework.boot.StartupInfoLogger.logStarting(StartupInfoLogger.java:55) - Starting MallApplication on whoamiiii with PID 45400 (D:\codefactory\HeiyuMall\heiyu-mall\target\classes started by sectrend1 in D:\codefactory\HeiyuMall)
[13:59:50:884] [INFO] - org.springframework.boot.SpringApplication.logStartupProfileInfo(SpringApplication.java:651) - No active profile set, falling back to default profiles: default
[13:59:51:353] [INFO] - org.springframework.data.repository.config.RepositoryConfigurationDelegate.multipleStoresDetected(RepositoryConfigurationDelegate.java:246) - Multiple Spring Data modules found, entering strict repository configuration mode!
[13:59:51:356] [INFO] - org.springframework.data.repository.config.RepositoryConfigurationDelegate.registerRepositoriesIn(RepositoryConfigurationDelegate.java:126) - Bootstrapping Spring Data repositories in DEFAULT mode.
[13:59:51:372] [INFO] - org.springframework.data.repository.config.RepositoryConfigurationDelegate.registerRepositoriesIn(RepositoryConfigurationDelegate.java:184) - Finished Spring Data repository scanning in 6ms. Found 0 repository interfaces.
[13:59:51:527] [INFO] - org.springframework.context.support.PostProcessorRegistrationDelegate$BeanPostProcessorChecker.postProcessAfterInitialization(PostProcessorRegistrationDelegate.java:330) - Bean 'org.springframework.transaction.annotation.ProxyTransactionManagementConfiguration' of type [org.springframework.transaction.annotation.ProxyTransactionManagementConfiguration] is not eligible for getting processed by all BeanPostProcessors (for example: not eligible for auto-proxying)
[13:59:51:823] [INFO] - org.springframework.boot.web.embedded.tomcat.TomcatWebServer.initialize(TomcatWebServer.java:92) - Tomcat initialized with port(s): 8083 (http)
[13:59:51:829] [INFO] - org.apache.juli.logging.DirectJDKLog.log(DirectJDKLog.java:173) - Initializing ProtocolHandler ["http-nio-8083"]
[13:59:51:829] [INFO] - org.apache.juli.logging.DirectJDKLog.log(DirectJDKLog.java:173) - Starting service [Tomcat]
[13:59:51:829] [INFO] - org.apache.juli.logging.DirectJDKLog.log(DirectJDKLog.java:173) - Starting Servlet engine: [Apache Tomcat/9.0.27]
[13:59:51:889] [INFO] - org.apache.juli.logging.DirectJDKLog.log(DirectJDKLog.java:173) - Initializing Spring embedded WebApplicationContext
[13:59:51:889] [INFO] - org.springframework.boot.web.servlet.context.ServletWebServerApplicationContext.prepareWebApplicationContext(ServletWebServerApplicationContext.java:284) - Root WebApplicationContext: initialization completed in 978 ms
[13:59:52:574] [INFO] - springfox.documentation.spring.web.PropertySourcedRequestMappingHandlerMapping.initHandlerMethods(PropertySourcedRequestMappingHandlerMapping.java:69) - Mapped URL path [/v2/api-docs] onto method [springfox.documentation.swagger2.web.Swagger2Controller#getDocumentation(String, HttpServletRequest)]
[13:59:52:677] [INFO] - org.springframework.scheduling.concurrent.ExecutorConfigurationSupport.initialize(ExecutorConfigurationSupport.java:171) - Initializing ExecutorService 'applicationTaskExecutor'
[13:59:52:937] [INFO] - springfox.documentation.spring.web.plugins.DocumentationPluginsBootstrapper.start(DocumentationPluginsBootstrapper.java:160) - Context refreshed
[13:59:52:948] [INFO] - springfox.documentation.spring.web.plugins.DocumentationPluginsBootstrapper.start(DocumentationPluginsBootstrapper.java:163) - Found 1 custom documentation plugin(s)
[13:59:52:966] [INFO] - springfox.documentation.spring.web.scanners.ApiListingReferenceScanner.scan(ApiListingReferenceScanner.java:41) - Scanning for api listing references
[13:59:53:144] [INFO] - springfox.documentation.spring.web.readers.operation.CachingOperationNameGenerator.startingWith(CachingOperationNameGenerator.java:40) - Generating unique operation named: listUsingGET_1
[13:59:53:165] [INFO] - springfox.documentation.spring.web.readers.operation.CachingOperationNameGenerator.startingWith(CachingOperationNameGenerator.java:40) - Generating unique operation named: detailUsingGET_1
[13:59:53:169] [INFO] - springfox.documentation.spring.web.readers.operation.CachingOperationNameGenerator.startingWith(CachingOperationNameGenerator.java:40) - Generating unique operation named: listUsingGET_2
[13:59:53:230] [INFO] - org.apache.juli.logging.DirectJDKLog.log(DirectJDKLog.java:173) - Starting ProtocolHandler ["http-nio-8083"]
[13:59:53:243] [INFO] - org.springframework.boot.web.embedded.tomcat.TomcatWebServer.start(TomcatWebServer.java:204) - Tomcat started on port(s): 8083 (http) with context path ''
[13:59:53:245] [INFO] - org.springframework.boot.StartupInfoLogger.logStarted(StartupInfoLogger.java:61) - Started MallApplication in 2.578 seconds (JVM running for 5.213)
[13:59:59:759] [INFO] - org.apache.juli.logging.DirectJDKLog.log(DirectJDKLog.java:173) - Initializing Spring DispatcherServlet 'dispatcherServlet'
[13:59:59:759] [INFO] - org.springframework.web.servlet.FrameworkServlet.initServletBean(FrameworkServlet.java:525) - Initializing Servlet 'dispatcherServlet'
[13:59:59:764] [INFO] - org.springframework.web.servlet.FrameworkServlet.initServletBean(FrameworkServlet.java:547) - Completed initialization in 5 ms
[13:59:59:781] [INFO] - com.heiyu.mall.filter.WebLogAspect.doBefore(WebLogAspect.java:41) - request url:http://127.0.0.1:8083/loginWithJwt
[13:59:59:781] [INFO] - com.heiyu.mall.filter.WebLogAspect.doBefore(WebLogAspect.java:42) - request method:GET
[13:59:59:781] [INFO] - com.heiyu.mall.filter.WebLogAspect.doBefore(WebLogAspect.java:43) - args : [yanzhengyonghu, 12345678]
[13:59:59:802] [INFO] - com.zaxxer.hikari.HikariDataSource.getConnection(HikariDataSource.java:110) - imooc_mall_datasource - Starting...
[13:59:59:870] [INFO] - com.zaxxer.hikari.HikariDataSource.getConnection(HikariDataSource.java:123) - imooc_mall_datasource - Start completed.
[14:00:00:568] [INFO] - com.heiyu.mall.filter.WebLogAspect.doAfterReturning(WebLogAspect.java:48) - return response : {"status":10000,"msg":"SUCCESS","data":"eyJ0eXAiOiJKV1QiLCJhbGciOiJIUzI1NiJ9.eyJ1c2VyX3JvbGUiOjEsInVzZXJfaWQiOjE1LCJ1c2VyX25hbWUiOiJ5YW56aGVuZ3lvbmdodSIsImV4cCI6MTc1OTczMDM5OX0.3RNoa9joE36qFqLeDUMJhbyw8idMaJc3TyLfTsq5d0Q"}
[14:01:27:741] [INFO] - org.springframework.boot.StartupInfoLogger.logStarting(StartupInfoLogger.java:55) - Starting MallApplication on whoamiiii with PID 31176 (D:\codefactory\HeiyuMall\heiyu-mall\target\classes started by sectrend1 in D:\codefactory\HeiyuMall)
[14:01:27:764] [INFO] - org.springframework.boot.SpringApplication.logStartupProfileInfo(SpringApplication.java:651) - No active profile set, falling back to default profiles: default
[14:01:28:218] [INFO] - org.springframework.data.repository.config.RepositoryConfigurationDelegate.multipleStoresDetected(RepositoryConfigurationDelegate.java:246) - Multiple Spring Data modules found, entering strict repository configuration mode!
[14:01:28:220] [INFO] - org.springframework.data.repository.config.RepositoryConfigurationDelegate.registerRepositoriesIn(RepositoryConfigurationDelegate.java:126) - Bootstrapping Spring Data repositories in DEFAULT mode.
[14:01:28:236] [INFO] - org.springframework.data.repository.config.RepositoryConfigurationDelegate.registerRepositoriesIn(RepositoryConfigurationDelegate.java:184) - Finished Spring Data repository scanning in 6ms. Found 0 repository interfaces.
[14:01:28:396] [INFO] - org.springframework.context.support.PostProcessorRegistrationDelegate$BeanPostProcessorChecker.postProcessAfterInitialization(PostProcessorRegistrationDelegate.java:330) - Bean 'org.springframework.transaction.annotation.ProxyTransactionManagementConfiguration' of type [org.springframework.transaction.annotation.ProxyTransactionManagementConfiguration] is not eligible for getting processed by all BeanPostProcessors (for example: not eligible for auto-proxying)
[14:01:28:701] [INFO] - org.springframework.boot.web.embedded.tomcat.TomcatWebServer.initialize(TomcatWebServer.java:92) - Tomcat initialized with port(s): 8083 (http)
[14:01:28:706] [INFO] - org.apache.juli.logging.DirectJDKLog.log(DirectJDKLog.java:173) - Initializing ProtocolHandler ["http-nio-8083"]
[14:01:28:706] [INFO] - org.apache.juli.logging.DirectJDKLog.log(DirectJDKLog.java:173) - Starting service [Tomcat]
[14:01:28:707] [INFO] - org.apache.juli.logging.DirectJDKLog.log(DirectJDKLog.java:173) - Starting Servlet engine: [Apache Tomcat/9.0.27]
[14:01:28:759] [INFO] - org.apache.juli.logging.DirectJDKLog.log(DirectJDKLog.java:173) - Initializing Spring embedded WebApplicationContext
[14:01:28:760] [INFO] - org.springframework.boot.web.servlet.context.ServletWebServerApplicationContext.prepareWebApplicationContext(ServletWebServerApplicationContext.java:284) - Root WebApplicationContext: initialization completed in 971 ms
[14:01:29:501] [INFO] - springfox.documentation.spring.web.PropertySourcedRequestMappingHandlerMapping.initHandlerMethods(PropertySourcedRequestMappingHandlerMapping.java:69) - Mapped URL path [/v2/api-docs] onto method [springfox.documentation.swagger2.web.Swagger2Controller#getDocumentation(String, HttpServletRequest)]
[14:01:29:620] [INFO] - org.springframework.scheduling.concurrent.ExecutorConfigurationSupport.initialize(ExecutorConfigurationSupport.java:171) - Initializing ExecutorService 'applicationTaskExecutor'
[14:01:29:884] [INFO] - springfox.documentation.spring.web.plugins.DocumentationPluginsBootstrapper.start(DocumentationPluginsBootstrapper.java:160) - Context refreshed
[14:01:29:894] [INFO] - springfox.documentation.spring.web.plugins.DocumentationPluginsBootstrapper.start(DocumentationPluginsBootstrapper.java:163) - Found 1 custom documentation plugin(s)
[14:01:29:912] [INFO] - springfox.documentation.spring.web.scanners.ApiListingReferenceScanner.scan(ApiListingReferenceScanner.java:41) - Scanning for api listing references
[14:01:30:088] [INFO] - springfox.documentation.spring.web.readers.operation.CachingOperationNameGenerator.startingWith(CachingOperationNameGenerator.java:40) - Generating unique operation named: listUsingGET_1
[14:01:30:111] [INFO] - springfox.documentation.spring.web.readers.operation.CachingOperationNameGenerator.startingWith(CachingOperationNameGenerator.java:40) - Generating unique operation named: detailUsingGET_1
[14:01:30:114] [INFO] - springfox.documentation.spring.web.readers.operation.CachingOperationNameGenerator.startingWith(CachingOperationNameGenerator.java:40) - Generating unique operation named: listUsingGET_2
[14:01:30:173] [INFO] - org.apache.juli.logging.DirectJDKLog.log(DirectJDKLog.java:173) - Starting ProtocolHandler ["http-nio-8083"]
[14:01:30:189] [INFO] - org.springframework.boot.web.embedded.tomcat.TomcatWebServer.start(TomcatWebServer.java:204) - Tomcat started on port(s): 8083 (http) with context path ''
[14:01:30:190] [INFO] - org.springframework.boot.StartupInfoLogger.logStarted(StartupInfoLogger.java:61) - Started MallApplication in 2.622 seconds (JVM running for 4.738)
[14:02:09:511] [INFO] - org.apache.juli.logging.DirectJDKLog.log(DirectJDKLog.java:173) - Initializing Spring DispatcherServlet 'dispatcherServlet'
[14:02:09:512] [INFO] - org.springframework.web.servlet.FrameworkServlet.initServletBean(FrameworkServlet.java:525) - Initializing Servlet 'dispatcherServlet'
[14:02:09:517] [INFO] - org.springframework.web.servlet.FrameworkServlet.initServletBean(FrameworkServlet.java:547) - Completed initialization in 5 ms
[14:02:09:535] [INFO] - com.heiyu.mall.filter.WebLogAspect.doBefore(WebLogAspect.java:41) - request url:http://127.0.0.1:8083/loginWithJwt
[14:02:09:535] [INFO] - com.heiyu.mall.filter.WebLogAspect.doBefore(WebLogAspect.java:42) - request method:GET
[14:02:09:535] [INFO] - com.heiyu.mall.filter.WebLogAspect.doBefore(WebLogAspect.java:43) - args : [yanzhengyonghu, 12345678]
[14:02:09:558] [INFO] - com.zaxxer.hikari.HikariDataSource.getConnection(HikariDataSource.java:110) - imooc_mall_datasource - Starting...
[14:02:09:627] [INFO] - com.zaxxer.hikari.HikariDataSource.getConnection(HikariDataSource.java:123) - imooc_mall_datasource - Start completed.
[14:02:10:323] [INFO] - com.heiyu.mall.filter.WebLogAspect.doAfterReturning(WebLogAspect.java:48) - return response : {"status":10000,"msg":"SUCCESS","data":"eyJ0eXAiOiJKV1QiLCJhbGciOiJIUzI1NiJ9.eyJ1c2VyX3JvbGUiOjEsInVzZXJfaWQiOjE1LCJ1c2VyX25hbWUiOiJ5YW56aGVuZ3lvbmdodSIsImV4cCI6MTc1OTczMDUyOX0.UNvN_fUdEsyPsOH79ps6AxlNh7iLs6XF6B1svWma3eA"}
[14:02:20:801] [INFO] - com.heiyu.mall.filter.WebLogAspect.doBefore(WebLogAspect.java:41) - request url:http://127.0.0.1:8083/order/list
[14:02:20:801] [INFO] - com.heiyu.mall.filter.WebLogAspect.doBefore(WebLogAspect.java:42) - request method:GET
[14:02:20:801] [INFO] - com.heiyu.mall.filter.WebLogAspect.doBefore(WebLogAspect.java:43) - args : [1, 10]
[14:02:20:855] [INFO] - com.heiyu.mall.filter.WebLogAspect.doAfterReturning(WebLogAspect.java:48) - return response : {"status":10000,"msg":"SUCCESS","data":{"total":0,"list":[],"pageNum":1,"pageSize":10,"size":0,"startRow":0,"endRow":0,"pages":0,"prePage":0,"nextPage":0,"isFirstPage":true,"isLastPage":true,"hasPreviousPage":false,"hasNextPage":false,"navigatePages":8,"navigatepageNums":[],"navigateFirstPage":0,"navigateLastPage":0}}
[14:03:44:686] [INFO] - com.heiyu.mall.filter.WebLogAspect.doBefore(WebLogAspect.java:41) - request url:http://127.0.0.1:8083/order/list
[14:03:44:686] [INFO] - com.heiyu.mall.filter.WebLogAspect.doBefore(WebLogAspect.java:42) - request method:GET
[14:03:44:686] [INFO] - com.heiyu.mall.filter.WebLogAspect.doBefore(WebLogAspect.java:43) - args : [1, 10]
[14:03:44:696] [INFO] - com.heiyu.mall.filter.WebLogAspect.doAfterReturning(WebLogAspect.java:48) - return response : {"status":10000,"msg":"SUCCESS","data":{"total":0,"list":[],"pageNum":1,"pageSize":10,"size":0,"startRow":0,"endRow":0,"pages":0,"prePage":0,"nextPage":0,"isFirstPage":true,"isLastPage":true,"hasPreviousPage":false,"hasNextPage":false,"navigatePages":8,"navigatepageNums":[],"navigateFirstPage":0,"navigateLastPage":0}}
[14:31:02:009] [INFO] - org.springframework.boot.StartupInfoLogger.logStarting(StartupInfoLogger.java:55) - Starting MallApplication on whoamiiii with PID 28980 (D:\codefactory\HeiyuMall\heiyu-mall\target\classes started by sectrend1 in D:\codefactory\HeiyuMall)
[14:31:02:034] [INFO] - org.springframework.boot.SpringApplication.logStartupProfileInfo(SpringApplication.java:651) - No active profile set, falling back to default profiles: default
[14:31:02:518] [INFO] - org.springframework.data.repository.config.RepositoryConfigurationDelegate.multipleStoresDetected(RepositoryConfigurationDelegate.java:246) - Multiple Spring Data modules found, entering strict repository configuration mode!
[14:31:02:522] [INFO] - org.springframework.data.repository.config.RepositoryConfigurationDelegate.registerRepositoriesIn(RepositoryConfigurationDelegate.java:126) - Bootstrapping Spring Data repositories in DEFAULT mode.
[14:31:02:543] [INFO] - org.springframework.data.repository.config.RepositoryConfigurationDelegate.registerRepositoriesIn(RepositoryConfigurationDelegate.java:184) - Finished Spring Data repository scanning in 9ms. Found 0 repository interfaces.
[14:31:02:712] [INFO] - org.springframework.context.support.PostProcessorRegistrationDelegate$BeanPostProcessorChecker.postProcessAfterInitialization(PostProcessorRegistrationDelegate.java:330) - Bean 'org.springframework.transaction.annotation.ProxyTransactionManagementConfiguration' of type [org.springframework.transaction.annotation.ProxyTransactionManagementConfiguration] is not eligible for getting processed by all BeanPostProcessors (for example: not eligible for auto-proxying)
[14:31:03:016] [INFO] - org.springframework.boot.web.embedded.tomcat.TomcatWebServer.initialize(TomcatWebServer.java:92) - Tomcat initialized with port(s): 8083 (http)
[14:31:03:022] [INFO] - org.apache.juli.logging.DirectJDKLog.log(DirectJDKLog.java:173) - Initializing ProtocolHandler ["http-nio-8083"]
[14:31:03:022] [INFO] - org.apache.juli.logging.DirectJDKLog.log(DirectJDKLog.java:173) - Starting service [Tomcat]
[14:31:03:023] [INFO] - org.apache.juli.logging.DirectJDKLog.log(DirectJDKLog.java:173) - Starting Servlet engine: [Apache Tomcat/9.0.27]
[14:31:03:083] [INFO] - org.apache.juli.logging.DirectJDKLog.log(DirectJDKLog.java:173) - Initializing Spring embedded WebApplicationContext
[14:31:03:083] [INFO] - org.springframework.boot.web.servlet.context.ServletWebServerApplicationContext.prepareWebApplicationContext(ServletWebServerApplicationContext.java:284) - Root WebApplicationContext: initialization completed in 1022 ms
[14:31:03:803] [INFO] - springfox.documentation.spring.web.PropertySourcedRequestMappingHandlerMapping.initHandlerMethods(PropertySourcedRequestMappingHandlerMapping.java:69) - Mapped URL path [/v2/api-docs] onto method [springfox.documentation.swagger2.web.Swagger2Controller#getDocumentation(String, HttpServletRequest)]
[14:31:03:906] [INFO] - org.springframework.scheduling.concurrent.ExecutorConfigurationSupport.initialize(ExecutorConfigurationSupport.java:171) - Initializing ExecutorService 'applicationTaskExecutor'
[14:31:04:180] [INFO] - springfox.documentation.spring.web.plugins.DocumentationPluginsBootstrapper.start(DocumentationPluginsBootstrapper.java:160) - Context refreshed
[14:31:04:189] [INFO] - springfox.documentation.spring.web.plugins.DocumentationPluginsBootstrapper.start(DocumentationPluginsBootstrapper.java:163) - Found 1 custom documentation plugin(s)
[14:31:04:207] [INFO] - springfox.documentation.spring.web.scanners.ApiListingReferenceScanner.scan(ApiListingReferenceScanner.java:41) - Scanning for api listing references
[14:31:04:398] [INFO] - springfox.documentation.spring.web.readers.operation.CachingOperationNameGenerator.startingWith(CachingOperationNameGenerator.java:40) - Generating unique operation named: listUsingGET_1
[14:31:04:423] [INFO] - springfox.documentation.spring.web.readers.operation.CachingOperationNameGenerator.startingWith(CachingOperationNameGenerator.java:40) - Generating unique operation named: detailUsingGET_1
[14:31:04:427] [INFO] - springfox.documentation.spring.web.readers.operation.CachingOperationNameGenerator.startingWith(CachingOperationNameGenerator.java:40) - Generating unique operation named: listUsingGET_2
[14:31:04:490] [INFO] - org.apache.juli.logging.DirectJDKLog.log(DirectJDKLog.java:173) - Starting ProtocolHandler ["http-nio-8083"]
[14:31:04:504] [INFO] - org.springframework.boot.web.embedded.tomcat.TomcatWebServer.start(TomcatWebServer.java:204) - Tomcat started on port(s): 8083 (http) with context path ''
[14:31:04:505] [INFO] - org.springframework.boot.StartupInfoLogger.logStarted(StartupInfoLogger.java:61) - Started MallApplication in 2.679 seconds (JVM running for 4.911)
[14:32:10:513] [INFO] - org.apache.juli.logging.DirectJDKLog.log(DirectJDKLog.java:173) - Initializing Spring DispatcherServlet 'dispatcherServlet'
[14:32:10:513] [INFO] - org.springframework.web.servlet.FrameworkServlet.initServletBean(FrameworkServlet.java:525) - Initializing Servlet 'dispatcherServlet'
[14:32:10:524] [INFO] - org.springframework.web.servlet.FrameworkServlet.initServletBean(FrameworkServlet.java:547) - Completed initialization in 11 ms
[14:32:10:546] [INFO] - com.heiyu.mall.filter.WebLogAspect.doBefore(WebLogAspect.java:41) - request url:http://127.0.0.1:8083/adminLogin
[14:32:10:546] [INFO] - com.heiyu.mall.filter.WebLogAspect.doBefore(WebLogAspect.java:42) - request method:POST
[14:32:10:546] [INFO] - com.heiyu.mall.filter.WebLogAspect.doBefore(WebLogAspect.java:43) - args : [mumu6, 123456783434, org.apache.catalina.session.StandardSessionFacade@7250e3e1]
[14:32:10:577] [INFO] - com.zaxxer.hikari.HikariDataSource.getConnection(HikariDataSource.java:110) - imooc_mall_datasource - Starting...
[14:32:10:648] [INFO] - com.zaxxer.hikari.HikariDataSource.getConnection(HikariDataSource.java:123) - imooc_mall_datasource - Start completed.
[14:32:10:695] [INFO] - com.heiyu.mall.filter.WebLogAspect.doAfterReturning(WebLogAspect.java:48) - return response : {"status":10000,"msg":"SUCCESS","data":{"id":12,"username":"mumu6","password":null,"personalizedSignature":"我的妈呀33333","role":2,"createTime":1664958392000,"updateTime":1671094218000,"emailAddress":null}}
[14:32:13:882] [INFO] - com.heiyu.mall.filter.WebLogAspect.doBefore(WebLogAspect.java:41) - request url:http://127.0.0.1:8083/loginWithJwt
[14:32:13:882] [INFO] - com.heiyu.mall.filter.WebLogAspect.doBefore(WebLogAspect.java:42) - request method:GET
[14:32:13:882] [INFO] - com.heiyu.mall.filter.WebLogAspect.doBefore(WebLogAspect.java:43) - args : [yanzhengyonghu, 12345678]
[14:32:14:511] [INFO] - com.heiyu.mall.filter.WebLogAspect.doAfterReturning(WebLogAspect.java:48) - return response : {"status":10000,"msg":"SUCCESS","data":"eyJ0eXAiOiJKV1QiLCJhbGciOiJIUzI1NiJ9.eyJ1c2VyX3JvbGUiOjEsInVzZXJfaWQiOjE1LCJ1c2VyX25hbWUiOiJ5YW56aGVuZ3lvbmdodSIsImV4cCI6MTc1OTczMjMzM30.h4_Td-DTQfkfkD7mxum3K5ysbyqce8HKTNWbG8kb1Ak"}
